have_func: checking for rb_postponed_job_register_one()... -------------------- yes

"clang -o conftest -I/Users/mhenriksson/.rubies/ruby-2.6.6/include/ruby-2.6.0/x86_64-darwin19 -I/Users/mhenriksson/.rubies/ruby-2.6.6/include/ruby-2.6.0/ruby/backward -I/Users/mhenriksson/.rubies/ruby-2.6.6/include/ruby-2.6.0 -I. -I/usr/local/opt/readline/include -I/usr/local/opt/zlib/include -I/usr/local/opt/openssl/include -I/usr/local/opt/sqlite/include -I/usr/local/opt/openssl@1.1/include -I/usr/local/opt/readline/include -I/usr/local/opt/libyaml/include -I/usr/local/opt/gdbm/include -D_XOPEN_SOURCE -D_DARWIN_C_SOURCE -D_DARWIN_UNLIMITED_SELECT -D_REENTRANT   -O3 -ggdb3 -Wall -Wextra -Wdeclaration-after-statement -Wdeprecated-declarations -Wdivision-by-zero -Wimplicit-function-declaration -Wimplicit-int -Wpointer-arith -Wshorten-64-to-32 -Wwrite-strings -Wmissing-noreturn -Wno-constant-logical-operand -Wno-long-long -Wno-missing-field-initializers -Wno-overlength-strings -Wno-parentheses-equality -Wno-self-assign -Wno-tautological-compare -Wno-unused-parameter -Wno-unused-value -Wunused-variable -Wextra-tokens  -pipe conftest.c  -L. -L/Users/mhenriksson/.rubies/ruby-2.6.6/lib -L/usr/local/opt/openssl@1.1/lib -L/usr/local/opt/readline/lib -L/usr/local/opt/libyaml/lib -L/usr/local/opt/gdbm/lib -L. -L/usr/local/opt/readline/lib -L/usr/local/opt/zlib/lib -L/usr/local/opt/openssl/lib -L/usr/local/opt/sqlite/lib -fstack-protector-strong -L/usr/local/lib -L/usr/local/opt/openssl@1.1/lib -L/usr/local/opt/readline/lib -L/usr/local/opt/libyaml/lib -L/usr/local/opt/gdbm/lib     -lruby.2.6-static -framework Security -framework Foundation -lpthread -lgmp -ldl -lobjc   "
checked program was:
/* begin */
1: #include "ruby.h"
2: 
3: int main(int argc, char **argv)
4: {
5:   return 0;
6: }
/* end */

"clang -o conftest -I/Users/mhenriksson/.rubies/ruby-2.6.6/include/ruby-2.6.0/x86_64-darwin19 -I/Users/mhenriksson/.rubies/ruby-2.6.6/include/ruby-2.6.0/ruby/backward -I/Users/mhenriksson/.rubies/ruby-2.6.6/include/ruby-2.6.0 -I. -I/usr/local/opt/readline/include -I/usr/local/opt/zlib/include -I/usr/local/opt/openssl/include -I/usr/local/opt/sqlite/include -I/usr/local/opt/openssl@1.1/include -I/usr/local/opt/readline/include -I/usr/local/opt/libyaml/include -I/usr/local/opt/gdbm/include -D_XOPEN_SOURCE -D_DARWIN_C_SOURCE -D_DARWIN_UNLIMITED_SELECT -D_REENTRANT   -O3 -ggdb3 -Wall -Wextra -Wdeclaration-after-statement -Wdeprecated-declarations -Wdivision-by-zero -Wimplicit-function-declaration -Wimplicit-int -Wpointer-arith -Wshorten-64-to-32 -Wwrite-strings -Wmissing-noreturn -Wno-constant-logical-operand -Wno-long-long -Wno-missing-field-initializers -Wno-overlength-strings -Wno-parentheses-equality -Wno-self-assign -Wno-tautological-compare -Wno-unused-parameter -Wno-unused-value -Wunused-variable -Wextra-tokens  -pipe conftest.c  -L. -L/Users/mhenriksson/.rubies/ruby-2.6.6/lib -L/usr/local/opt/openssl@1.1/lib -L/usr/local/opt/readline/lib -L/usr/local/opt/libyaml/lib -L/usr/local/opt/gdbm/lib -L. -L/usr/local/opt/readline/lib -L/usr/local/opt/zlib/lib -L/usr/local/opt/openssl/lib -L/usr/local/opt/sqlite/lib -fstack-protector-strong -L/usr/local/lib -L/usr/local/opt/openssl@1.1/lib -L/usr/local/opt/readline/lib -L/usr/local/opt/libyaml/lib -L/usr/local/opt/gdbm/lib     -lruby.2.6-static -framework Security -framework Foundation -lpthread -lgmp -ldl -lobjc   "
conftest.c:14:57: error: use of undeclared identifier 'rb_postponed_job_register_one'
int t(void) { void ((*volatile p)()); p = (void ((*)()))rb_postponed_job_register_one; return !p; }
                                                        ^
1 error generated.
checked program was:
/* begin */
 1: #include "ruby.h"
 2: 
 3: /*top*/
 4: extern int t(void);
 5: int main(int argc, char **argv)
 6: {
 7:   if (argc > 1000000) {
 8:     int (* volatile tp)(void)=(int (*)(void))&t;
 9:     printf("%d", (*tp)());
10:   }
11: 
12:   return 0;
13: }
14: int t(void) { void ((*volatile p)()); p = (void ((*)()))rb_postponed_job_register_one; return !p; }
/* end */

"clang -o conftest -I/Users/mhenriksson/.rubies/ruby-2.6.6/include/ruby-2.6.0/x86_64-darwin19 -I/Users/mhenriksson/.rubies/ruby-2.6.6/include/ruby-2.6.0/ruby/backward -I/Users/mhenriksson/.rubies/ruby-2.6.6/include/ruby-2.6.0 -I. -I/usr/local/opt/readline/include -I/usr/local/opt/zlib/include -I/usr/local/opt/openssl/include -I/usr/local/opt/sqlite/include -I/usr/local/opt/openssl@1.1/include -I/usr/local/opt/readline/include -I/usr/local/opt/libyaml/include -I/usr/local/opt/gdbm/include -D_XOPEN_SOURCE -D_DARWIN_C_SOURCE -D_DARWIN_UNLIMITED_SELECT -D_REENTRANT   -O3 -ggdb3 -Wall -Wextra -Wdeclaration-after-statement -Wdeprecated-declarations -Wdivision-by-zero -Wimplicit-function-declaration -Wimplicit-int -Wpointer-arith -Wshorten-64-to-32 -Wwrite-strings -Wmissing-noreturn -Wno-constant-logical-operand -Wno-long-long -Wno-missing-field-initializers -Wno-overlength-strings -Wno-parentheses-equality -Wno-self-assign -Wno-tautological-compare -Wno-unused-parameter -Wno-unused-value -Wunused-variable -Wextra-tokens  -pipe conftest.c  -L. -L/Users/mhenriksson/.rubies/ruby-2.6.6/lib -L/usr/local/opt/openssl@1.1/lib -L/usr/local/opt/readline/lib -L/usr/local/opt/libyaml/lib -L/usr/local/opt/gdbm/lib -L. -L/usr/local/opt/readline/lib -L/usr/local/opt/zlib/lib -L/usr/local/opt/openssl/lib -L/usr/local/opt/sqlite/lib -fstack-protector-strong -L/usr/local/lib -L/usr/local/opt/openssl@1.1/lib -L/usr/local/opt/readline/lib -L/usr/local/opt/libyaml/lib -L/usr/local/opt/gdbm/lib     -lruby.2.6-static -framework Security -framework Foundation -lpthread -lgmp -ldl -lobjc   "
checked program was:
/* begin */
 1: #include "ruby.h"
 2: 
 3: /*top*/
 4: extern int t(void);
 5: int main(int argc, char **argv)
 6: {
 7:   if (argc > 1000000) {
 8:     int (* volatile tp)(void)=(int (*)(void))&t;
 9:     printf("%d", (*tp)());
10:   }
11: 
12:   return 0;
13: }
14: extern void rb_postponed_job_register_one();
15: int t(void) { rb_postponed_job_register_one(); return 0; }
/* end */

--------------------

have_func: checking for rb_profile_frames()... -------------------- yes

"clang -o conftest -I/Users/mhenriksson/.rubies/ruby-2.6.6/include/ruby-2.6.0/x86_64-darwin19 -I/Users/mhenriksson/.rubies/ruby-2.6.6/include/ruby-2.6.0/ruby/backward -I/Users/mhenriksson/.rubies/ruby-2.6.6/include/ruby-2.6.0 -I. -I/usr/local/opt/readline/include -I/usr/local/opt/zlib/include -I/usr/local/opt/openssl/include -I/usr/local/opt/sqlite/include -I/usr/local/opt/openssl@1.1/include -I/usr/local/opt/readline/include -I/usr/local/opt/libyaml/include -I/usr/local/opt/gdbm/include -D_XOPEN_SOURCE -D_DARWIN_C_SOURCE -D_DARWIN_UNLIMITED_SELECT -D_REENTRANT   -O3 -ggdb3 -Wall -Wextra -Wdeclaration-after-statement -Wdeprecated-declarations -Wdivision-by-zero -Wimplicit-function-declaration -Wimplicit-int -Wpointer-arith -Wshorten-64-to-32 -Wwrite-strings -Wmissing-noreturn -Wno-constant-logical-operand -Wno-long-long -Wno-missing-field-initializers -Wno-overlength-strings -Wno-parentheses-equality -Wno-self-assign -Wno-tautological-compare -Wno-unused-parameter -Wno-unused-value -Wunused-variable -Wextra-tokens  -pipe conftest.c  -L. -L/Users/mhenriksson/.rubies/ruby-2.6.6/lib -L/usr/local/opt/openssl@1.1/lib -L/usr/local/opt/readline/lib -L/usr/local/opt/libyaml/lib -L/usr/local/opt/gdbm/lib -L. -L/usr/local/opt/readline/lib -L/usr/local/opt/zlib/lib -L/usr/local/opt/openssl/lib -L/usr/local/opt/sqlite/lib -fstack-protector-strong -L/usr/local/lib -L/usr/local/opt/openssl@1.1/lib -L/usr/local/opt/readline/lib -L/usr/local/opt/libyaml/lib -L/usr/local/opt/gdbm/lib     -lruby.2.6-static -framework Security -framework Foundation -lpthread -lgmp -ldl -lobjc   "
conftest.c:14:57: error: use of undeclared identifier 'rb_profile_frames'
int t(void) { void ((*volatile p)()); p = (void ((*)()))rb_profile_frames; return !p; }
                                                        ^
1 error generated.
checked program was:
/* begin */
 1: #include "ruby.h"
 2: 
 3: /*top*/
 4: extern int t(void);
 5: int main(int argc, char **argv)
 6: {
 7:   if (argc > 1000000) {
 8:     int (* volatile tp)(void)=(int (*)(void))&t;
 9:     printf("%d", (*tp)());
10:   }
11: 
12:   return 0;
13: }
14: int t(void) { void ((*volatile p)()); p = (void ((*)()))rb_profile_frames; return !p; }
/* end */

"clang -o conftest -I/Users/mhenriksson/.rubies/ruby-2.6.6/include/ruby-2.6.0/x86_64-darwin19 -I/Users/mhenriksson/.rubies/ruby-2.6.6/include/ruby-2.6.0/ruby/backward -I/Users/mhenriksson/.rubies/ruby-2.6.6/include/ruby-2.6.0 -I. -I/usr/local/opt/readline/include -I/usr/local/opt/zlib/include -I/usr/local/opt/openssl/include -I/usr/local/opt/sqlite/include -I/usr/local/opt/openssl@1.1/include -I/usr/local/opt/readline/include -I/usr/local/opt/libyaml/include -I/usr/local/opt/gdbm/include -D_XOPEN_SOURCE -D_DARWIN_C_SOURCE -D_DARWIN_UNLIMITED_SELECT -D_REENTRANT   -O3 -ggdb3 -Wall -Wextra -Wdeclaration-after-statement -Wdeprecated-declarations -Wdivision-by-zero -Wimplicit-function-declaration -Wimplicit-int -Wpointer-arith -Wshorten-64-to-32 -Wwrite-strings -Wmissing-noreturn -Wno-constant-logical-operand -Wno-long-long -Wno-missing-field-initializers -Wno-overlength-strings -Wno-parentheses-equality -Wno-self-assign -Wno-tautological-compare -Wno-unused-parameter -Wno-unused-value -Wunused-variable -Wextra-tokens  -pipe conftest.c  -L. -L/Users/mhenriksson/.rubies/ruby-2.6.6/lib -L/usr/local/opt/openssl@1.1/lib -L/usr/local/opt/readline/lib -L/usr/local/opt/libyaml/lib -L/usr/local/opt/gdbm/lib -L. -L/usr/local/opt/readline/lib -L/usr/local/opt/zlib/lib -L/usr/local/opt/openssl/lib -L/usr/local/opt/sqlite/lib -fstack-protector-strong -L/usr/local/lib -L/usr/local/opt/openssl@1.1/lib -L/usr/local/opt/readline/lib -L/usr/local/opt/libyaml/lib -L/usr/local/opt/gdbm/lib     -lruby.2.6-static -framework Security -framework Foundation -lpthread -lgmp -ldl -lobjc   "
checked program was:
/* begin */
 1: #include "ruby.h"
 2: 
 3: /*top*/
 4: extern int t(void);
 5: int main(int argc, char **argv)
 6: {
 7:   if (argc > 1000000) {
 8:     int (* volatile tp)(void)=(int (*)(void))&t;
 9:     printf("%d", (*tp)());
10:   }
11: 
12:   return 0;
13: }
14: extern void rb_profile_frames();
15: int t(void) { rb_profile_frames(); return 0; }
/* end */

--------------------

have_func: checking for rb_tracepoint_new()... -------------------- yes

"clang -o conftest -I/Users/mhenriksson/.rubies/ruby-2.6.6/include/ruby-2.6.0/x86_64-darwin19 -I/Users/mhenriksson/.rubies/ruby-2.6.6/include/ruby-2.6.0/ruby/backward -I/Users/mhenriksson/.rubies/ruby-2.6.6/include/ruby-2.6.0 -I. -I/usr/local/opt/readline/include -I/usr/local/opt/zlib/include -I/usr/local/opt/openssl/include -I/usr/local/opt/sqlite/include -I/usr/local/opt/openssl@1.1/include -I/usr/local/opt/readline/include -I/usr/local/opt/libyaml/include -I/usr/local/opt/gdbm/include -D_XOPEN_SOURCE -D_DARWIN_C_SOURCE -D_DARWIN_UNLIMITED_SELECT -D_REENTRANT   -O3 -ggdb3 -Wall -Wextra -Wdeclaration-after-statement -Wdeprecated-declarations -Wdivision-by-zero -Wimplicit-function-declaration -Wimplicit-int -Wpointer-arith -Wshorten-64-to-32 -Wwrite-strings -Wmissing-noreturn -Wno-constant-logical-operand -Wno-long-long -Wno-missing-field-initializers -Wno-overlength-strings -Wno-parentheses-equality -Wno-self-assign -Wno-tautological-compare -Wno-unused-parameter -Wno-unused-value -Wunused-variable -Wextra-tokens  -pipe conftest.c  -L. -L/Users/mhenriksson/.rubies/ruby-2.6.6/lib -L/usr/local/opt/openssl@1.1/lib -L/usr/local/opt/readline/lib -L/usr/local/opt/libyaml/lib -L/usr/local/opt/gdbm/lib -L. -L/usr/local/opt/readline/lib -L/usr/local/opt/zlib/lib -L/usr/local/opt/openssl/lib -L/usr/local/opt/sqlite/lib -fstack-protector-strong -L/usr/local/lib -L/usr/local/opt/openssl@1.1/lib -L/usr/local/opt/readline/lib -L/usr/local/opt/libyaml/lib -L/usr/local/opt/gdbm/lib     -lruby.2.6-static -framework Security -framework Foundation -lpthread -lgmp -ldl -lobjc   "
conftest.c:14:57: error: use of undeclared identifier 'rb_tracepoint_new'
int t(void) { void ((*volatile p)()); p = (void ((*)()))rb_tracepoint_new; return !p; }
                                                        ^
1 error generated.
checked program was:
/* begin */
 1: #include "ruby.h"
 2: 
 3: /*top*/
 4: extern int t(void);
 5: int main(int argc, char **argv)
 6: {
 7:   if (argc > 1000000) {
 8:     int (* volatile tp)(void)=(int (*)(void))&t;
 9:     printf("%d", (*tp)());
10:   }
11: 
12:   return 0;
13: }
14: int t(void) { void ((*volatile p)()); p = (void ((*)()))rb_tracepoint_new; return !p; }
/* end */

"clang -o conftest -I/Users/mhenriksson/.rubies/ruby-2.6.6/include/ruby-2.6.0/x86_64-darwin19 -I/Users/mhenriksson/.rubies/ruby-2.6.6/include/ruby-2.6.0/ruby/backward -I/Users/mhenriksson/.rubies/ruby-2.6.6/include/ruby-2.6.0 -I. -I/usr/local/opt/readline/include -I/usr/local/opt/zlib/include -I/usr/local/opt/openssl/include -I/usr/local/opt/sqlite/include -I/usr/local/opt/openssl@1.1/include -I/usr/local/opt/readline/include -I/usr/local/opt/libyaml/include -I/usr/local/opt/gdbm/include -D_XOPEN_SOURCE -D_DARWIN_C_SOURCE -D_DARWIN_UNLIMITED_SELECT -D_REENTRANT   -O3 -ggdb3 -Wall -Wextra -Wdeclaration-after-statement -Wdeprecated-declarations -Wdivision-by-zero -Wimplicit-function-declaration -Wimplicit-int -Wpointer-arith -Wshorten-64-to-32 -Wwrite-strings -Wmissing-noreturn -Wno-constant-logical-operand -Wno-long-long -Wno-missing-field-initializers -Wno-overlength-strings -Wno-parentheses-equality -Wno-self-assign -Wno-tautological-compare -Wno-unused-parameter -Wno-unused-value -Wunused-variable -Wextra-tokens  -pipe conftest.c  -L. -L/Users/mhenriksson/.rubies/ruby-2.6.6/lib -L/usr/local/opt/openssl@1.1/lib -L/usr/local/opt/readline/lib -L/usr/local/opt/libyaml/lib -L/usr/local/opt/gdbm/lib -L. -L/usr/local/opt/readline/lib -L/usr/local/opt/zlib/lib -L/usr/local/opt/openssl/lib -L/usr/local/opt/sqlite/lib -fstack-protector-strong -L/usr/local/lib -L/usr/local/opt/openssl@1.1/lib -L/usr/local/opt/readline/lib -L/usr/local/opt/libyaml/lib -L/usr/local/opt/gdbm/lib     -lruby.2.6-static -framework Security -framework Foundation -lpthread -lgmp -ldl -lobjc   "
checked program was:
/* begin */
 1: #include "ruby.h"
 2: 
 3: /*top*/
 4: extern int t(void);
 5: int main(int argc, char **argv)
 6: {
 7:   if (argc > 1000000) {
 8:     int (* volatile tp)(void)=(int (*)(void))&t;
 9:     printf("%d", (*tp)());
10:   }
11: 
12:   return 0;
13: }
14: extern void rb_tracepoint_new();
15: int t(void) { rb_tracepoint_new(); return 0; }
/* end */

--------------------

have_const: checking for RUBY_INTERNAL_EVENT_NEWOBJ... -------------------- yes

"clang -I/Users/mhenriksson/.rubies/ruby-2.6.6/include/ruby-2.6.0/x86_64-darwin19 -I/Users/mhenriksson/.rubies/ruby-2.6.6/include/ruby-2.6.0/ruby/backward -I/Users/mhenriksson/.rubies/ruby-2.6.6/include/ruby-2.6.0 -I. -I/usr/local/opt/readline/include -I/usr/local/opt/zlib/include -I/usr/local/opt/openssl/include -I/usr/local/opt/sqlite/include -I/usr/local/opt/openssl@1.1/include -I/usr/local/opt/readline/include -I/usr/local/opt/libyaml/include -I/usr/local/opt/gdbm/include -D_XOPEN_SOURCE -D_DARWIN_C_SOURCE -D_DARWIN_UNLIMITED_SELECT -D_REENTRANT   -O3 -ggdb3 -Wall -Wextra -Wdeclaration-after-statement -Wdeprecated-declarations -Wdivision-by-zero -Wimplicit-function-declaration -Wimplicit-int -Wpointer-arith -Wshorten-64-to-32 -Wwrite-strings -Wmissing-noreturn -Wno-constant-logical-operand -Wno-long-long -Wno-missing-field-initializers -Wno-overlength-strings -Wno-parentheses-equality -Wno-self-assign -Wno-tautological-compare -Wno-unused-parameter -Wno-unused-value -Wunused-variable -Wextra-tokens  -pipe   -c conftest.c"
checked program was:
/* begin */
1: #include "ruby.h"
2: 
3: /*top*/
4: typedef int conftest_type;
5: conftest_type conftestval = (int)RUBY_INTERNAL_EVENT_NEWOBJ;
/* end */

--------------------

